TN:
SF:src\fileHelper.js
FN:2,getFilesStatus
FNF:1
FNH:1
FNDA:1,getFilesStatus
DA:1,1
DA:2,1
DA:3,1
DA:4,1
DA:5,1
DA:6,1
DA:7,1
DA:8,1
DA:9,1
DA:10,1
DA:11,1
DA:12,1
DA:13,1
DA:14,1
DA:15,1
DA:16,1
DA:17,1
DA:18,1
DA:19,1
DA:20,1
DA:21,1
DA:22,1
DA:23,1
LF:23
LH:23
BRDA:2,0,0,1
BRDA:6,1,0,1
BRF:2
BRH:2
end_of_record
TN:
SF:src\logger.js
FNF:0
FNH:0
DA:1,1
DA:2,1
DA:3,1
DA:4,1
DA:5,1
DA:6,1
DA:7,1
DA:8,1
DA:9,1
LF:9
LH:9
BRF:0
BRH:0
end_of_record
TN:
SF:src\routes.js
FN:9,<instance_members_initializer>
FN:9,Routes
FN:14,setSocketInstance
FN:15,defaultRoute
FN:19,options
FN:23,post
FN:37,onFinish
FN:50,get
FN:56,handler
FNF:9
FNH:9
FNDA:7,<instance_members_initializer>
FNDA:7,Routes
FNDA:1,setSocketInstance
FNDA:2,defaultRoute
FNDA:1,options
FNDA:1,post
FNDA:1,onFinish
FNDA:1,get
FNDA:6,handler
DA:1,1
DA:2,1
DA:3,1
DA:4,1
DA:5,1
DA:6,1
DA:7,1
DA:8,1
DA:9,1
DA:10,7
DA:11,7
DA:12,7
DA:13,7
DA:14,1
DA:15,1
DA:16,2
DA:17,2
DA:18,2
DA:19,1
DA:20,1
DA:21,1
DA:22,1
DA:23,1
DA:24,1
DA:25,1
DA:26,1
DA:27,1
DA:28,1
DA:29,1
DA:30,1
DA:31,1
DA:32,1
DA:33,1
DA:34,1
DA:35,1
DA:36,1
DA:37,1
DA:38,1
DA:39,1
DA:40,1
DA:41,1
DA:42,1
DA:43,1
DA:44,1
DA:45,1
DA:46,1
DA:47,1
DA:48,1
DA:49,1
DA:50,1
DA:51,1
DA:52,1
DA:53,1
DA:54,1
DA:55,1
DA:56,1
DA:57,6
DA:58,6
DA:59,6
DA:60,6
DA:61,6
DA:62,6
DA:63,6
DA:64,1
DA:65,1
DA:66,1
DA:67,1
DA:68,1
LF:68
LH:68
BRDA:9,0,0,7
BRDA:9,1,0,7
BRDA:14,2,0,1
BRDA:15,3,0,2
BRDA:19,4,0,1
BRDA:23,5,0,1
BRDA:37,6,0,1
BRDA:37,7,0,1
BRDA:50,8,0,1
BRDA:56,9,0,6
BRDA:63,10,0,2
BRF:11
BRH:11
end_of_record
TN:
SF:src\uploadHandler.js
FN:3,UploadHandler
FN:11,canExecute
FN:15,handleFileBytes
FN:16,handleData
FN:34,onFile
FN:43,registerEvents
FNF:6
FNH:6
FNDA:6,UploadHandler
FNDA:5,canExecute
FNDA:2,handleFileBytes
FNDA:2,handleData
FNDA:1,onFile
FNDA:1,registerEvents
DA:1,1
DA:2,1
DA:3,6
DA:4,6
DA:5,6
DA:6,6
DA:7,6
DA:8,6
DA:9,6
DA:10,6
DA:11,1
DA:12,5
DA:13,5
DA:14,5
DA:15,1
DA:16,2
DA:17,2
DA:18,2
DA:19,2
DA:20,2
DA:21,2
DA:22,2
DA:23,4
DA:24,4
DA:25,4
DA:26,4
DA:27,1
DA:28,4
DA:29,3
DA:30,3
DA:31,3
DA:32,3
DA:33,3
DA:34,1
DA:35,1
DA:36,1
DA:37,1
DA:38,1
DA:39,1
DA:40,1
DA:41,1
DA:42,1
DA:43,1
DA:44,1
DA:45,1
DA:46,1
DA:47,1
DA:48,1
DA:49,1
DA:50,1
DA:51,1
DA:52,1
DA:53,1
DA:54,1
DA:55,1
DA:56,1
LF:56
LH:56
BRDA:3,0,0,6
BRDA:11,1,0,5
BRDA:15,2,0,2
BRDA:16,3,0,2
BRDA:22,4,0,4
BRDA:26,5,0,1
BRDA:28,6,0,3
BRDA:34,7,0,1
BRDA:43,8,0,1
BRF:9
BRH:9
end_of_record
